<?xml version="1.0" encoding="UTF-8"?>
<!-- Generated by org.testng.reporters.JUnitReportReporter -->
<testsuite hostname="Sahil-Legion" failures="0" tests="1" name="laukikdemo.AppiumBasics" time="2.542" errors="0" timestamp="2024-03-02T12:41:50 IST" skipped="0">
  <testcase classname="laukikdemo.AppiumBasics" name="AppiumTest" time="2.542"/>
</testsuite> <!-- laukikdemo.AppiumBasics -->
