<?xml version="1.0" encoding="UTF-8"?>
<!-- Generated by org.testng.reporters.JUnitReportReporter -->
<testsuite hostname="LAPTOP-CAKVDPIL" failures="0" tests="1" name="laukikdemo.BizshortsTest" time="33.753" errors="0" timestamp="2024-03-01T13:47:12 IST" skipped="0">
  <testcase classname="laukikdemo.BizshortsTest" name="bookmarkTest" time="33.753"/>
  <system-out/>
</testsuite> <!-- laukikdemo.BizshortsTest -->
