<?xml version="1.0" encoding="UTF-8"?>
<!-- Generated by org.testng.reporters.JUnitReportReporter -->
<testsuite hostname="LAPTOP-CAKVDPIL" failures="0" tests="1" name="laukikdemo.CourseTest" time="21.883" errors="0" timestamp="2024-03-01T18:47:04 IST" skipped="0">
  <testcase classname="laukikdemo.CourseTest" name="playCourse" time="21.883"/>
  <system-out/>
</testsuite> <!-- laukikdemo.CourseTest -->
