<?xml version="1.0" encoding="UTF-8"?>
<!-- Generated by org.testng.reporters.JUnitReportReporter -->
<testsuite hostname="LAPTOP-CAKVDPIL" failures="0" tests="1" name="community.CommunityTest" time="17.845" errors="0" timestamp="2024-03-04T00:28:35 IST" skipped="0">
  <testcase classname="community.CommunityTest" name="openPost" time="17.845"/>
  <system-out/>
</testsuite> <!-- community.CommunityTest -->
