<?xml version="1.0" encoding="UTF-8"?>
<!-- Generated by org.testng.reporters.JUnitReportReporter -->
<testsuite hostname="LAPTOP-CAKVDPIL" failures="0" tests="1" name="laukikdemo.community.CommunityTest" time="17.096" errors="0" timestamp="2024-03-04T00:19:27 IST" skipped="0">
  <testcase classname="laukikdemo.community.CommunityTest" name="openPost" time="17.096"/>
  <system-out/>
</testsuite> <!-- laukikdemo.community.CommunityTest -->
