<?xml version="1.0" encoding="UTF-8"?>
<!-- Generated by org.testng.reporters.JUnitReportReporter -->
<testsuite hostname="LAPTOP-CAKVDPIL" failures="0" tests="1" name="laukikdemo.AppiumBasics" time="9.107" errors="0" timestamp="2024-02-29T00:04:51 IST" skipped="0">
  <testcase classname="laukikdemo.AppiumBasics" name="AppiumTest" time="9.107"/>
  <system-out/>
</testsuite> <!-- laukikdemo.AppiumBasics -->
