<?xml version="1.0" encoding="UTF-8"?>
<!-- Generated by org.testng.reporters.JUnitReportReporter -->
<testsuite hostname="LAPTOP-CAKVDPIL" failures="0" tests="1" name="laukikdemo.LoginTest" time="7.864" errors="0" timestamp="2024-03-01T01:43:13 IST" skipped="0">
  <testcase classname="laukikdemo.LoginTest" name="AppiumTest" time="7.864"/>
  <system-out/>
</testsuite> <!-- laukikdemo.LoginTest -->
