<?xml version="1.0" encoding="UTF-8"?>
<!-- Generated by org.testng.reporters.JUnitReportReporter -->
<testsuite hostname="LAPTOP-CAKVDPIL" failures="0" tests="1" name="laukikdemo.PlacementsTest" time="17.372" errors="0" timestamp="2024-03-03T23:30:13 IST" skipped="0">
  <testcase classname="laukikdemo.PlacementsTest" name="openJobTest" time="17.372"/>
  <system-out/>
</testsuite> <!-- laukikdemo.PlacementsTest -->
