<?xml version="1.0" encoding="UTF-8"?>
<!-- Generated by org.testng.reporters.JUnitReportReporter -->
<testsuite hostname="LAPTOP-CAKVDPIL" failures="0" tests="1" name="laukikdemo.AppiumBasics" time="2.516" errors="0" timestamp="2024-02-27T01:57:06 IST" skipped="0">
  <testcase classname="laukikdemo.AppiumBasics" name="AppiumTest" time="2.516"/>
  <system-out/>
</testsuite> <!-- laukikdemo.AppiumBasics -->
